<?xml version="1.0" encoding="UTF-8"?>
<testng-results skipped="0" failed="0" total="1" passed="1">
  <reporter-output>
  </reporter-output>
  <suite name="Suite" duration-ms="12680" started-at="2017-08-23T08:27:51Z" finished-at="2017-08-23T08:28:03Z">
    <groups>
    </groups>
    <test name="Test" duration-ms="12680" started-at="2017-08-23T08:27:51Z" finished-at="2017-08-23T08:28:03Z">
      <class name="bdms.StagingServer">
        <test-method status="PASS" signature="testjenkins()[pri:0, instance:bdms.StagingServer@224aed64]" name="testjenkins" duration-ms="12665" started-at="2017-08-23T13:57:51Z" finished-at="2017-08-23T13:58:03Z">
          <reporter-output>
          </reporter-output>
        </test-method> <!-- testjenkins -->
      </class> <!-- bdms.StagingServer -->
    </test> <!-- Test -->
  </suite> <!-- Suite -->
</testng-results>
